[debug] [2025-09-30T17:17:18.473Z] ----------------------------------------------------------------------
[debug] [2025-09-30T17:17:18.475Z] Command:       C:\Users\terra\AppData\Roaming\npm\node_modules\node\bin\node.exe C:\Users\terra\AppData\Roaming\npm\node_modules\firebase-tools\lib\bin\firebase.js functions:shell
[debug] [2025-09-30T17:17:18.475Z] CLI Version:   13.7.3
[debug] [2025-09-30T17:17:18.475Z] Platform:      win32
[debug] [2025-09-30T17:17:18.475Z] Node Version:  v24.8.0
[debug] [2025-09-30T17:17:18.475Z] Time:          Tue Sep 30 2025 12:17:18 GMT-0500 (Central Daylight Time)
[debug] [2025-09-30T17:17:18.475Z] ----------------------------------------------------------------------
[debug] 
[debug] [2025-09-30T17:17:18.489Z] >>> [apiv2][query] GET https://firebase-public.firebaseio.com/cli.json [none]
[debug] [2025-09-30T17:17:18.545Z] > command requires scopes: ["email","openid","https://www.googleapis.com/auth/cloudplatformprojects.readonly","https://www.googleapis.com/auth/firebase","https://www.googleapis.com/auth/cloud-platform"]
[debug] [2025-09-30T17:17:18.546Z] > authorizing via signed-in user (terra@techpangolin.com)
[debug] [2025-09-30T17:17:18.546Z] [iam] checking project latertots-a6694 for permissions ["firebase.projects.get"]
[debug] [2025-09-30T17:17:18.546Z] > refreshing access token with scopes: []
[debug] [2025-09-30T17:17:18.547Z] >>> [apiv2][query] POST https://www.googleapis.com/oauth2/v3/token [none]
[debug] [2025-09-30T17:17:18.547Z] >>> [apiv2][body] POST https://www.googleapis.com/oauth2/v3/token [omitted]
[debug] [2025-09-30T17:17:18.635Z] <<< [apiv2][status] GET https://firebase-public.firebaseio.com/cli.json 200
[debug] [2025-09-30T17:17:18.635Z] <<< [apiv2][body] GET https://firebase-public.firebaseio.com/cli.json {"cloudBuildErrorAfter":1594252800000,"cloudBuildWarnAfter":1590019200000,"defaultNode10After":1594252800000,"minVersion":"3.0.5","node8DeploysDisabledAfter":1613390400000,"node8RuntimeDisabledAfter":1615809600000,"node8WarnAfter":1600128000000}
[debug] [2025-09-30T17:17:18.681Z] <<< [apiv2][status] POST https://www.googleapis.com/oauth2/v3/token 400
[debug] [2025-09-30T17:17:18.681Z] <<< [apiv2][body] POST https://www.googleapis.com/oauth2/v3/token [omitted]
[debug] [2025-09-30T17:17:18.681Z] >>> [apiv2][query] POST https://cloudresourcemanager.googleapis.com/v1/projects/latertots-a6694:testIamPermissions [none]
[debug] [2025-09-30T17:17:18.681Z] >>> [apiv2][(partial)header] POST https://cloudresourcemanager.googleapis.com/v1/projects/latertots-a6694:testIamPermissions x-goog-quota-user=projects/latertots-a6694
[debug] [2025-09-30T17:17:18.681Z] >>> [apiv2][body] POST https://cloudresourcemanager.googleapis.com/v1/projects/latertots-a6694:testIamPermissions {"permissions":["firebase.projects.get"]}
[debug] [2025-09-30T17:17:18.874Z] <<< [apiv2][status] POST https://cloudresourcemanager.googleapis.com/v1/projects/latertots-a6694:testIamPermissions 401
[debug] [2025-09-30T17:17:18.874Z] <<< [apiv2][body] POST https://cloudresourcemanager.googleapis.com/v1/projects/latertots-a6694:testIamPermissions {"error":{"code":401,"message":"Request had invalid authentication credentials. Expected OAuth 2 access token, login cookie or other valid authentication credential. See https://developers.google.com/identity/sign-in/web/devconsole-project.","status":"UNAUTHENTICATED","details":[{"@type":"type.googleapis.com/google.rpc.ErrorInfo","reason":"ACCESS_TOKEN_TYPE_UNSUPPORTED","metadata":{"method":"google.cloudresourcemanager.v1.Projects.TestIamPermissions","service":"cloudresourcemanager.googleapis.com"}}]}}
[debug] [2025-09-30T17:17:18.874Z] [iam] error while checking permissions, command may fail: FirebaseError: HTTP Error: 401, Request had invalid authentication credentials. Expected OAuth 2 access token, login cookie or other valid authentication credential. See https://developers.google.com/identity/sign-in/web/devconsole-project.
[debug] [2025-09-30T17:17:18.877Z] [functions] Functions Emulator only supports listening on one address (127.0.0.1). Not listening on ::1
[debug] [2025-09-30T17:17:18.879Z] defaultcredentials: writing to file C:\Users\terra\AppData\Roaming\firebase\terra_techpangolin_com_application_default_credentials.json
[debug] [2025-09-30T17:17:18.879Z] DEBUG: Setting GAC to C:\Users\terra\AppData\Roaming\firebase\terra_techpangolin_com_application_default_credentials.json
[debug] [2025-09-30T17:17:18.880Z] > refreshing access token with scopes: []
[debug] [2025-09-30T17:17:18.880Z] >>> [apiv2][query] POST https://www.googleapis.com/oauth2/v3/token [none]
[debug] [2025-09-30T17:17:18.880Z] >>> [apiv2][body] POST https://www.googleapis.com/oauth2/v3/token [omitted]
[debug] [2025-09-30T17:17:18.937Z] <<< [apiv2][status] POST https://www.googleapis.com/oauth2/v3/token 400
[debug] [2025-09-30T17:17:18.937Z] <<< [apiv2][body] POST https://www.googleapis.com/oauth2/v3/token [omitted]
[debug] [2025-09-30T17:17:18.937Z] >>> [apiv2][query] GET https://firebase.googleapis.com/v1beta1/projects/latertots-a6694/adminSdkConfig [none]
[debug] [2025-09-30T17:17:19.142Z] <<< [apiv2][status] GET https://firebase.googleapis.com/v1beta1/projects/latertots-a6694/adminSdkConfig 401
[debug] [2025-09-30T17:17:19.142Z] <<< [apiv2][body] GET https://firebase.googleapis.com/v1beta1/projects/latertots-a6694/adminSdkConfig {"error":{"code":401,"message":"Request had invalid authentication credentials. Expected OAuth 2 access token, login cookie or other valid authentication credential. See https://developers.google.com/identity/sign-in/web/devconsole-project.","status":"UNAUTHENTICATED"}}
[debug] [2025-09-30T17:17:19.142Z] Failed to get Admin SDK config for latertots-a6694, falling back to cache Failed to get Admin SDK for Firebase project latertots-a6694. Please make sure the project exists and your account has permission to access it. {"name":"FirebaseError","children":[],"exit":2,"message":"Failed to get Admin SDK for Firebase project latertots-a6694. Please make sure the project exists and your account has permission to access it.","original":{"name":"FirebaseError","children":[],"context":{"body":{"error":{"code":401,"message":"Request had invalid authentication credentials. Expected OAuth 2 access token, login cookie or other valid authentication credential. See https://developers.google.com/identity/sign-in/web/devconsole-project.","status":"UNAUTHENTICATED"}},"response":{"statusCode":401}},"exit":1,"message":"HTTP Error: 401, Request had invalid authentication credentials. Expected OAuth 2 access token, login cookie or other valid authentication credential. See https://developers.google.com/identity/sign-in/web/devconsole-project.","status":401},"status":500}
[warn] !  functions: Unable to fetch project Admin SDK configuration, Admin SDK behavior in Cloud Functions emulator may be incorrect. {"metadata":{"emulator":{"name":"functions"},"message":"Unable to fetch project Admin SDK configuration, Admin SDK behavior in Cloud Functions emulator may be incorrect."}}
[debug] [2025-09-30T17:17:19.146Z] [functions] Watching "D:\projects\latertots\functions" for Cloud Functions...
[debug] [2025-09-30T17:17:19.148Z] Validating nodejs source
[debug] [2025-09-30T17:17:19.648Z] > [functions] package.json contents: {
  "name": "functions",
  "description": "Cloud Functions for Firebase",
  "scripts": {
    "serve": "firebase emulators:start --only functions",
    "shell": "firebase functions:shell",
    "start": "npm run shell",
    "deploy": "firebase deploy --only functions",
    "logs": "firebase functions:log"
  },
  "engines": {
    "node": "18"
  },
  "main": "index.js",
  "dependencies": {
    "firebase-admin": "^12.1.0",
    "firebase-functions": "^5.0.0",
    "joi": "^17.13.3",
    "xstate": "^5.22.0"
  },
  "devDependencies": {
    "firebase-functions-test": "^3.1.0"
  },
  "private": true
}
[debug] [2025-09-30T17:17:19.648Z] Building nodejs source
[debug] [2025-09-30T17:17:19.648Z] Failed to find version of module node: reached end of search path D:\projects\latertots\functions\node_modules
[warn] !  functions: Your requested "node" version "18" doesn't match your global version "24". Using node@24 from host. 
[debug] [2025-09-30T17:17:19.650Z] Could not find functions.yaml. Must use http discovery
[debug] [2025-09-30T17:17:19.656Z] Found firebase-functions binary at 'D:\projects\latertots\functions\node_modules\.bin\firebase-functions'
[info] Serving at port 8668

